<?xml version="1.0" encoding="UTF-8"?>
<!-- Generated by org.testng.reporters.JUnitXMLReporter -->
<testsuite ignored="3" hostname="DESKTOP-OO97RQ9" failures="0" tests="5" name="Test" time="0.128" errors="0" timestamp="09 Dec 2024 05:43:00 GMT">
  <testcase classname="com.testng.E" name="tc1" time="0.028"/>
  <testcase classname="com.testng.E" name="tc2" time="0.001"/>
  <testcase classname="com.testng.E" name="tc4" time="0.002"/>
  <testcase classname="com.testng.F" name="tc6" time="0.008"/>
  <testcase classname="com.testng.F" name="tc7" time="0.007"/>
  <testcase classname="com.testng.E" name="tc3" time="0.0">
    <ignored/>
  </testcase> <!-- tc3 -->
  <testcase classname="com.testng.E" name="tc5" time="0.0">
    <ignored/>
  </testcase> <!-- tc5 -->
  <testcase classname="com.testng.F" name="tc8" time="0.0">
    <ignored/>
  </testcase> <!-- tc8 -->
</testsuite> <!-- Test -->
